<?xml version="1.0" encoding="UTF-8"?>
<testsuite xmlns:xsi="http://www.w3.org/2001/XMLSchema-instance" xsi:noNamespaceSchemaLocation="https://maven.apache.org/surefire/maven-surefire-plugin/xsd/surefire-test-report-3.0.xsd" version="3.0" name="com.ucp.tetris.Piece.SquareTest" time="0.303" tests="1" errors="0" skipped="0" failures="0">
  <properties>
[...]
</properties>
  <testcase name="testsquareRotateRightOnce" classname="com.ucp.tetris.Piece.SquareTest" time="0.01">
    <system-err><![CDATA[java.lang.instrument.IllegalClassFormatException: Error while instrumenting com/ucp/tetris/Piece/SquareTest.
	at org.jacoco.agent.rt.internal_43f5073.CoverageTransformer.transform(CoverageTransformer.java:94)
	at java.instrument/java.lang.instrument.ClassFileTransformer.transform(ClassFileTransformer.java:244)
	at java.instrument/sun.instrument.TransformerManager.transform(TransformerManager.java:188)
	at java.instrument/sun.instrument.InstrumentationImpl.transform(InstrumentationImpl.java:610)
	at java.base/java.lang.ClassLoader.defineClass1(Native Method)
	at java.base/java.lang.ClassLoader.defineClass(ClassLoader.java:1027)
	at java.base/java.security.SecureClassLoader.defineClass(SecureClassLoader.java:150)
	at java.base/jdk.internal.loader.BuiltinClassLoader.defineClass(BuiltinClassLoader.java:862)
	at java.base/jdk.internal.loader.BuiltinClassLoader.findClassOnClassPathOrNull(BuiltinClassLoader.java:760)
	at java.base/jdk.internal.loader.BuiltinClassLoader.loadClassOrNull(BuiltinClassLoader.java:681)
	at java.base/jdk.internal.loader.BuiltinClassLoader.loadClass(BuiltinClassLoader.java:639)
	at java.base/jdk.internal.loader.ClassLoaders$AppClassLoader.loadClass(ClassLoaders.java:188)
	at java.base/java.lang.ClassLoader.loadClass(ClassLoader.java:526)
	at org.apache.maven.surefire.api.util.DefaultScanResult.loadClass(DefaultScanResult.java:136)
	at org.apache.maven.surefire.api.util.DefaultScanResult.applyFilter(DefaultScanResult.java:100)
	at org.apache.maven.surefire.junit4.JUnit4Provider.scanClassPath(JUnit4Provider.java:321)
	at org.apache.maven.surefire.junit4.JUnit4Provider.setTestsToRun(JUnit4Provider.java:197)
	at org.apache.maven.surefire.junit4.JUnit4Provider.invoke(JUnit4Provider.java:140)
	at org.apache.maven.surefire.booter.ForkedBooter.runSuitesInProcess(ForkedBooter.java:456)
	at org.apache.maven.surefire.booter.ForkedBooter.execute(ForkedBooter.java:169)
	at org.apache.maven.surefire.booter.ForkedBooter.run(ForkedBooter.java:595)
	at org.apache.maven.surefire.booter.ForkedBooter.main(ForkedBooter.java:581)
Caused by: java.io.IOException: Error while instrumenting com/ucp/tetris/Piece/SquareTest.
	at org.jacoco.agent.rt.internal_43f5073.core.instr.Instrumenter.instrumentError(Instrumenter.java:159)
	at org.jacoco.agent.rt.internal_43f5073.core.instr.Instrumenter.instrument(Instrumenter.java:109)
	at org.jacoco.agent.rt.internal_43f5073.CoverageTransformer.transform(CoverageTransformer.java:92)
	... 21 more
Caused by: java.lang.IllegalArgumentException: Unsupported class file major version 65
	at org.jacoco.agent.rt.internal_43f5073.asm.ClassReader.<init>(ClassReader.java:195)
	at org.jacoco.agent.rt.internal_43f5073.asm.ClassReader.<init>(ClassReader.java:176)
	at org.jacoco.agent.rt.internal_43f5073.asm.ClassReader.<init>(ClassReader.java:162)
	at org.jacoco.agent.rt.internal_43f5073.core.internal.instr.InstrSupport.classReaderFor(InstrSupport.java:280)
	at org.jacoco.agent.rt.internal_43f5073.core.instr.Instrumenter.instrument(Instrumenter.java:75)
	at org.jacoco.agent.rt.internal_43f5073.core.instr.Instrumenter.instrument(Instrumenter.java:107)
	... 22 more
java.lang.instrument.IllegalClassFormatException: Error while instrumenting com/ucp/tetris/Piece/ClockTest.
	at org.jacoco.agent.rt.internal_43f5073.CoverageTransformer.transform(CoverageTransformer.java:94)
	at java.instrument/java.lang.instrument.ClassFileTransformer.transform(ClassFileTransformer.java:244)
	at java.instrument/sun.instrument.TransformerManager.transform(TransformerManager.java:188)
	at java.instrument/sun.instrument.InstrumentationImpl.transform(InstrumentationImpl.java:610)
	at java.base/java.lang.ClassLoader.defineClass1(Native Method)
	at java.base/java.lang.ClassLoader.defineClass(ClassLoader.java:1027)
	at java.base/java.security.SecureClassLoader.defineClass(SecureClassLoader.java:150)
	at java.base/jdk.internal.loader.BuiltinClassLoader.defineClass(BuiltinClassLoader.java:862)
	at java.base/jdk.internal.loader.BuiltinClassLoader.findClassOnClassPathOrNull(BuiltinClassLoader.java:760)
	at java.base/jdk.internal.loader.BuiltinClassLoader.loadClassOrNull(BuiltinClassLoader.java:681)
	at java.base/jdk.internal.loader.BuiltinClassLoader.loadClass(BuiltinClassLoader.java:639)
	at java.base/jdk.internal.loader.ClassLoaders$AppClassLoader.loadClass(ClassLoaders.java:188)
	at java.base/java.lang.ClassLoader.loadClass(ClassLoader.java:526)
	at org.apache.maven.surefire.api.util.DefaultScanResult.loadClass(DefaultScanResult.java:136)
	at org.apache.maven.surefire.api.util.DefaultScanResult.applyFilter(DefaultScanResult.java:100)
	at org.apache.maven.surefire.junit4.JUnit4Provider.scanClassPath(JUnit4Provider.java:321)
	at org.apache.maven.surefire.junit4.JUnit4Provider.setTestsToRun(JUnit4Provider.java:197)
	at org.apache.maven.surefire.junit4.JUnit4Provider.invoke(JUnit4Provider.java:140)
	at org.apache.maven.surefire.booter.ForkedBooter.runSuitesInProcess(ForkedBooter.java:456)
	at org.apache.maven.surefire.booter.ForkedBooter.execute(ForkedBooter.java:169)
	at org.apache.maven.surefire.booter.ForkedBooter.run(ForkedBooter.java:595)
	at org.apache.maven.surefire.booter.ForkedBooter.main(ForkedBooter.java:581)
Caused by: java.io.IOException: Error while instrumenting com/ucp/tetris/Piece/ClockTest.
	at org.jacoco.agent.rt.internal_43f5073.core.instr.Instrumenter.instrumentError(Instrumenter.java:159)
	at org.jacoco.agent.rt.internal_43f5073.core.instr.Instrumenter.instrument(Instrumenter.java:109)
	at org.jacoco.agent.rt.internal_43f5073.CoverageTransformer.transform(CoverageTransformer.java:92)
	... 21 more
Caused by: java.lang.IllegalArgumentException: Unsupported class file major version 65
	at org.jacoco.agent.rt.internal_43f5073.asm.ClassReader.<init>(ClassReader.java:195)
	at org.jacoco.agent.rt.internal_43f5073.asm.ClassReader.<init>(ClassReader.java:176)
	at org.jacoco.agent.rt.internal_43f5073.asm.ClassReader.<init>(ClassReader.java:162)
	at org.jacoco.agent.rt.internal_43f5073.core.internal.instr.InstrSupport.classReaderFor(InstrSupport.java:280)
	at org.jacoco.agent.rt.internal_43f5073.core.instr.Instrumenter.instrument(Instrumenter.java:75)
	at org.jacoco.agent.rt.internal_43f5073.core.instr.Instrumenter.instrument(Instrumenter.java:107)
	... 22 more
java.lang.instrument.IllegalClassFormatException: Error while instrumenting com/ucp/tetris/Piece/TeTest.
	at org.jacoco.agent.rt.internal_43f5073.CoverageTransformer.transform(CoverageTransformer.java:94)
	at java.instrument/java.lang.instrument.ClassFileTransformer.transform(ClassFileTransformer.java:244)
	at java.instrument/sun.instrument.TransformerManager.transform(TransformerManager.java:188)
	at java.instrument/sun.instrument.InstrumentationImpl.transform(InstrumentationImpl.java:610)
	at java.base/java.lang.ClassLoader.defineClass1(Native Method)
	at java.base/java.lang.ClassLoader.defineClass(ClassLoader.java:1027)
	at java.base/java.security.SecureClassLoader.defineClass(SecureClassLoader.java:150)
	at java.base/jdk.internal.loader.BuiltinClassLoader.defineClass(BuiltinClassLoader.java:862)
	at java.base/jdk.internal.loader.BuiltinClassLoader.findClassOnClassPathOrNull(BuiltinClassLoader.java:760)
	at java.base/jdk.internal.loader.BuiltinClassLoader.loadClassOrNull(BuiltinClassLoader.java:681)
	at java.base/jdk.internal.loader.BuiltinClassLoader.loadClass(BuiltinClassLoader.java:639)
	at java.base/jdk.internal.loader.ClassLoaders$AppClassLoader.loadClass(ClassLoaders.java:188)
	at java.base/java.lang.ClassLoader.loadClass(ClassLoader.java:526)
	at org.apache.maven.surefire.api.util.DefaultScanResult.loadClass(DefaultScanResult.java:136)
	at org.apache.maven.surefire.api.util.DefaultScanResult.applyFilter(DefaultScanResult.java:100)
	at org.apache.maven.surefire.junit4.JUnit4Provider.scanClassPath(JUnit4Provider.java:321)
	at org.apache.maven.surefire.junit4.JUnit4Provider.setTestsToRun(JUnit4Provider.java:197)
	at org.apache.maven.surefire.junit4.JUnit4Provider.invoke(JUnit4Provider.java:140)
	at org.apache.maven.surefire.booter.ForkedBooter.runSuitesInProcess(ForkedBooter.java:456)
	at org.apache.maven.surefire.booter.ForkedBooter.execute(ForkedBooter.java:169)
	at org.apache.maven.surefire.booter.ForkedBooter.run(ForkedBooter.java:595)
	at org.apache.maven.surefire.booter.ForkedBooter.main(ForkedBooter.java:581)
Caused by: java.io.IOException: Error while instrumenting com/ucp/tetris/Piece/TeTest.
	at org.jacoco.agent.rt.internal_43f5073.core.instr.Instrumenter.instrumentError(Instrumenter.java:159)
	at org.jacoco.agent.rt.internal_43f5073.core.instr.Instrumenter.instrument(Instrumenter.java:109)
	at org.jacoco.agent.rt.internal_43f5073.CoverageTransformer.transform(CoverageTransformer.java:92)
	... 21 more
Caused by: java.lang.IllegalArgumentException: Unsupported class file major version 65
	at org.jacoco.agent.rt.internal_43f5073.asm.ClassReader.<init>(ClassReader.java:195)
	at org.jacoco.agent.rt.internal_43f5073.asm.ClassReader.<init>(ClassReader.java:176)
	at org.jacoco.agent.rt.internal_43f5073.asm.ClassReader.<init>(ClassReader.java:162)
	at org.jacoco.agent.rt.internal_43f5073.core.internal.instr.InstrSupport.classReaderFor(InstrSupport.java:280)
	at org.jacoco.agent.rt.internal_43f5073.core.instr.Instrumenter.instrument(Instrumenter.java:75)
	at org.jacoco.agent.rt.internal_43f5073.core.instr.Instrumenter.instrument(Instrumenter.java:107)
	... 22 more
java.lang.instrument.IllegalClassFormatException: Error while instrumenting com/ucp/tetris/Piece/StickTest.
	at org.jacoco.agent.rt.internal_43f5073.CoverageTransformer.transform(CoverageTransformer.java:94)
	at java.instrument/java.lang.instrument.ClassFileTransformer.transform(ClassFileTransformer.java:244)
	at java.instrument/sun.instrument.TransformerManager.transform(TransformerManager.java:188)
	at java.instrument/sun.instrument.InstrumentationImpl.transform(InstrumentationImpl.java:610)
	at java.base/java.lang.ClassLoader.defineClass1(Native Method)
	at java.base/java.lang.ClassLoader.defineClass(ClassLoader.java:1027)
	at java.base/java.security.SecureClassLoader.defineClass(SecureClassLoader.java:150)
	at java.base/jdk.internal.loader.BuiltinClassLoader.defineClass(BuiltinClassLoader.java:862)
	at java.base/jdk.internal.loader.BuiltinClassLoader.findClassOnClassPathOrNull(BuiltinClassLoader.java:760)
	at java.base/jdk.internal.loader.BuiltinClassLoader.loadClassOrNull(BuiltinClassLoader.java:681)
	at java.base/jdk.internal.loader.BuiltinClassLoader.loadClass(BuiltinClassLoader.java:639)
	at java.base/jdk.internal.loader.ClassLoaders$AppClassLoader.loadClass(ClassLoaders.java:188)
	at java.base/java.lang.ClassLoader.loadClass(ClassLoader.java:526)
	at org.apache.maven.surefire.api.util.DefaultScanResult.loadClass(DefaultScanResult.java:136)
	at org.apache.maven.surefire.api.util.DefaultScanResult.applyFilter(DefaultScanResult.java:100)
	at org.apache.maven.surefire.junit4.JUnit4Provider.scanClassPath(JUnit4Provider.java:321)
	at org.apache.maven.surefire.junit4.JUnit4Provider.setTestsToRun(JUnit4Provider.java:197)
	at org.apache.maven.surefire.junit4.JUnit4Provider.invoke(JUnit4Provider.java:140)
	at org.apache.maven.surefire.booter.ForkedBooter.runSuitesInProcess(ForkedBooter.java:456)
	at org.apache.maven.surefire.booter.ForkedBooter.execute(ForkedBooter.java:169)
	at org.apache.maven.surefire.booter.ForkedBooter.run(ForkedBooter.java:595)
	at org.apache.maven.surefire.booter.ForkedBooter.main(ForkedBooter.java:581)
Caused by: java.io.IOException: Error while instrumenting com/ucp/tetris/Piece/StickTest.
	at org.jacoco.agent.rt.internal_43f5073.core.instr.Instrumenter.instrumentError(Instrumenter.java:159)
	at org.jacoco.agent.rt.internal_43f5073.core.instr.Instrumenter.instrument(Instrumenter.java:109)
	at org.jacoco.agent.rt.internal_43f5073.CoverageTransformer.transform(CoverageTransformer.java:92)
	... 21 more
Caused by: java.lang.IllegalArgumentException: Unsupported class file major version 65
	at org.jacoco.agent.rt.internal_43f5073.asm.ClassReader.<init>(ClassReader.java:195)
	at org.jacoco.agent.rt.internal_43f5073.asm.ClassReader.<init>(ClassReader.java:176)
	at org.jacoco.agent.rt.internal_43f5073.asm.ClassReader.<init>(ClassReader.java:162)
	at org.jacoco.agent.rt.internal_43f5073.core.internal.instr.InstrSupport.classReaderFor(InstrSupport.java:280)
	at org.jacoco.agent.rt.internal_43f5073.core.instr.Instrumenter.instrument(Instrumenter.java:75)
	at org.jacoco.agent.rt.internal_43f5073.core.instr.Instrumenter.instrument(Instrumenter.java:107)
	... 22 more
java.lang.instrument.IllegalClassFormatException: Error while instrumenting com/ucp/tetris/Piece/BoardTest.
	at org.jacoco.agent.rt.internal_43f5073.CoverageTransformer.transform(CoverageTransformer.java:94)
	at java.instrument/java.lang.instrument.ClassFileTransformer.transform(ClassFileTransformer.java:244)
	at java.instrument/sun.instrument.TransformerManager.transform(TransformerManager.java:188)
	at java.instrument/sun.instrument.InstrumentationImpl.transform(InstrumentationImpl.java:610)
	at java.base/java.lang.ClassLoader.defineClass1(Native Method)
	at java.base/java.lang.ClassLoader.defineClass(ClassLoader.java:1027)
	at java.base/java.security.SecureClassLoader.defineClass(SecureClassLoader.java:150)
	at java.base/jdk.internal.loader.BuiltinClassLoader.defineClass(BuiltinClassLoader.java:862)
	at java.base/jdk.internal.loader.BuiltinClassLoader.findClassOnClassPathOrNull(BuiltinClassLoader.java:760)
	at java.base/jdk.internal.loader.BuiltinClassLoader.loadClassOrNull(BuiltinClassLoader.java:681)
	at java.base/jdk.internal.loader.BuiltinClassLoader.loadClass(BuiltinClassLoader.java:639)
	at java.base/jdk.internal.loader.ClassLoaders$AppClassLoader.loadClass(ClassLoaders.java:188)
	at java.base/java.lang.ClassLoader.loadClass(ClassLoader.java:526)
	at org.apache.maven.surefire.api.util.DefaultScanResult.loadClass(DefaultScanResult.java:136)
	at org.apache.maven.surefire.api.util.DefaultScanResult.applyFilter(DefaultScanResult.java:100)
	at org.apache.maven.surefire.junit4.JUnit4Provider.scanClassPath(JUnit4Provider.java:321)
	at org.apache.maven.surefire.junit4.JUnit4Provider.setTestsToRun(JUnit4Provider.java:197)
	at org.apache.maven.surefire.junit4.JUnit4Provider.invoke(JUnit4Provider.java:140)
	at org.apache.maven.surefire.booter.ForkedBooter.runSuitesInProcess(ForkedBooter.java:456)
	at org.apache.maven.surefire.booter.ForkedBooter.execute(ForkedBooter.java:169)
	at org.apache.maven.surefire.booter.ForkedBooter.run(ForkedBooter.java:595)
	at org.apache.maven.surefire.booter.ForkedBooter.main(ForkedBooter.java:581)
Caused by: java.io.IOException: Error while instrumenting com/ucp/tetris/Piece/BoardTest.
	at org.jacoco.agent.rt.internal_43f5073.core.instr.Instrumenter.instrumentError(Instrumenter.java:159)
	at org.jacoco.agent.rt.internal_43f5073.core.instr.Instrumenter.instrument(Instrumenter.java:109)
	at org.jacoco.agent.rt.internal_43f5073.CoverageTransformer.transform(CoverageTransformer.java:92)
	... 21 more
Caused by: java.lang.IllegalArgumentException: Unsupported class file major version 65
	at org.jacoco.agent.rt.internal_43f5073.asm.ClassReader.<init>(ClassReader.java:195)
	at org.jacoco.agent.rt.internal_43f5073.asm.ClassReader.<init>(ClassReader.java:176)
	at org.jacoco.agent.rt.internal_43f5073.asm.ClassReader.<init>(ClassReader.java:162)
	at org.jacoco.agent.rt.internal_43f5073.core.internal.instr.InstrSupport.classReaderFor(InstrSupport.java:280)
	at org.jacoco.agent.rt.internal_43f5073.core.instr.Instrumenter.instrument(Instrumenter.java:75)
	at org.jacoco.agent.rt.internal_43f5073.core.instr.Instrumenter.instrument(Instrumenter.java:107)
	... 22 more
java.lang.instrument.IllegalClassFormatException: Error while instrumenting com/ucp/tetris/Piece/PieceBase.
	at org.jacoco.agent.rt.internal_43f5073.CoverageTransformer.transform(CoverageTransformer.java:94)
	at java.instrument/java.lang.instrument.ClassFileTransformer.transform(ClassFileTransformer.java:244)
	at java.instrument/sun.instrument.TransformerManager.transform(TransformerManager.java:188)
	at java.instrument/sun.instrument.InstrumentationImpl.transform(InstrumentationImpl.java:610)
	at java.base/java.lang.ClassLoader.defineClass1(Native Method)
	at java.base/java.lang.ClassLoader.defineClass(ClassLoader.java:1027)
	at java.base/java.security.SecureClassLoader.defineClass(SecureClassLoader.java:150)
	at java.base/jdk.internal.loader.BuiltinClassLoader.defineClass(BuiltinClassLoader.java:862)
	at java.base/jdk.internal.loader.BuiltinClassLoader.findClassOnClassPathOrNull(BuiltinClassLoader.java:760)
	at java.base/jdk.internal.loader.BuiltinClassLoader.loadClassOrNull(BuiltinClassLoader.java:681)
	at java.base/jdk.internal.loader.BuiltinClassLoader.loadClass(BuiltinClassLoader.java:639)
	at java.base/jdk.internal.loader.ClassLoaders$AppClassLoader.loadClass(ClassLoaders.java:188)
	at java.base/java.lang.ClassLoader.loadClass(ClassLoader.java:526)
	at java.base/java.lang.Class.getDeclaredMethods0(Native Method)
	at java.base/java.lang.Class.privateGetDeclaredMethods(Class.java:3578)
	at java.base/java.lang.Class.getMethodsRecursive(Class.java:3719)
	at java.base/java.lang.Class.getMethod0(Class.java:3705)
	at java.base/java.lang.Class.getMethod(Class.java:2393)
	at org.apache.maven.surefire.api.util.ReflectionUtils.tryGetMethod(ReflectionUtils.java:60)
	at org.apache.maven.surefire.common.junit3.JUnit3TestChecker.isSuiteOnly(JUnit3TestChecker.java:66)
	at org.apache.maven.surefire.common.junit3.JUnit3TestChecker.isValidJUnit3Test(JUnit3TestChecker.java:61)
	at org.apache.maven.surefire.common.junit3.JUnit3TestChecker.accept(JUnit3TestChecker.java:56)
	at org.apache.maven.surefire.common.junit4.JUnit4TestChecker.accept(JUnit4TestChecker.java:53)
	at org.apache.maven.surefire.api.util.DefaultScanResult.applyFilter(DefaultScanResult.java:102)
	at org.apache.maven.surefire.junit4.JUnit4Provider.scanClassPath(JUnit4Provider.java:321)
	at org.apache.maven.surefire.junit4.JUnit4Provider.setTestsToRun(JUnit4Provider.java:197)
	at org.apache.maven.surefire.junit4.JUnit4Provider.invoke(JUnit4Provider.java:140)
	at org.apache.maven.surefire.booter.ForkedBooter.runSuitesInProcess(ForkedBooter.java:456)
	at org.apache.maven.surefire.booter.ForkedBooter.execute(ForkedBooter.java:169)
	at org.apache.maven.surefire.booter.ForkedBooter.run(ForkedBooter.java:595)
	at org.apache.maven.surefire.booter.ForkedBooter.main(ForkedBooter.java:581)
Caused by: java.io.IOException: Error while instrumenting com/ucp/tetris/Piece/PieceBase.
	at org.jacoco.agent.rt.internal_43f5073.core.instr.Instrumenter.instrumentError(Instrumenter.java:159)
	at org.jacoco.agent.rt.internal_43f5073.core.instr.Instrumenter.instrument(Instrumenter.java:109)
	at org.jacoco.agent.rt.internal_43f5073.CoverageTransformer.transform(CoverageTransformer.java:92)
	... 30 more
Caused by: java.lang.IllegalArgumentException: Unsupported class file major version 65
	at org.jacoco.agent.rt.internal_43f5073.asm.ClassReader.<init>(ClassReader.java:195)
	at org.jacoco.agent.rt.internal_43f5073.asm.ClassReader.<init>(ClassReader.java:176)
	at org.jacoco.agent.rt.internal_43f5073.asm.ClassReader.<init>(ClassReader.java:162)
	at org.jacoco.agent.rt.internal_43f5073.core.internal.instr.InstrSupport.classReaderFor(InstrSupport.java:280)
	at org.jacoco.agent.rt.internal_43f5073.core.instr.Instrumenter.instrument(Instrumenter.java:75)
	at org.jacoco.agent.rt.internal_43f5073.core.instr.Instrumenter.instrument(Instrumenter.java:107)
	... 31 more
java.lang.instrument.IllegalClassFormatException: Error while instrumenting com/ucp/tetris/IRotar.
	at org.jacoco.agent.rt.internal_43f5073.CoverageTransformer.transform(CoverageTransformer.java:94)
	at java.instrument/java.lang.instrument.ClassFileTransformer.transform(ClassFileTransformer.java:244)
	at java.instrument/sun.instrument.TransformerManager.transform(TransformerManager.java:188)
	at java.instrument/sun.instrument.InstrumentationImpl.transform(InstrumentationImpl.java:610)
	at java.base/java.lang.ClassLoader.defineClass1(Native Method)
	at java.base/java.lang.ClassLoader.defineClass(ClassLoader.java:1027)
	at java.base/java.security.SecureClassLoader.defineClass(SecureClassLoader.java:150)
	at java.base/jdk.internal.loader.BuiltinClassLoader.defineClass(BuiltinClassLoader.java:862)
	at java.base/jdk.internal.loader.BuiltinClassLoader.findClassOnClassPathOrNull(BuiltinClassLoader.java:760)
	at java.base/jdk.internal.loader.BuiltinClassLoader.loadClassOrNull(BuiltinClassLoader.java:681)
	at java.base/jdk.internal.loader.BuiltinClassLoader.loadClass(BuiltinClassLoader.java:639)
	at java.base/jdk.internal.loader.ClassLoaders$AppClassLoader.loadClass(ClassLoaders.java:188)
	at java.base/java.lang.ClassLoader.loadClass(ClassLoader.java:526)
	at java.base/java.lang.ClassLoader.defineClass1(Native Method)
	at java.base/java.lang.ClassLoader.defineClass(ClassLoader.java:1027)
	at java.base/java.security.SecureClassLoader.defineClass(SecureClassLoader.java:150)
	at java.base/jdk.internal.loader.BuiltinClassLoader.defineClass(BuiltinClassLoader.java:862)
	at java.base/jdk.internal.loader.BuiltinClassLoader.findClassOnClassPathOrNull(BuiltinClassLoader.java:760)
	at java.base/jdk.internal.loader.BuiltinClassLoader.loadClassOrNull(BuiltinClassLoader.java:681)
	at java.base/jdk.internal.loader.BuiltinClassLoader.loadClass(BuiltinClassLoader.java:639)
	at java.base/jdk.internal.loader.ClassLoaders$AppClassLoader.loadClass(ClassLoaders.java:188)
	at java.base/java.lang.ClassLoader.loadClass(ClassLoader.java:526)
	at java.base/java.lang.Class.getDeclaredMethods0(Native Method)
	at java.base/java.lang.Class.privateGetDeclaredMethods(Class.java:3578)
	at java.base/java.lang.Class.getMethodsRecursive(Class.java:3719)
	at java.base/java.lang.Class.getMethod0(Class.java:3705)
	at java.base/java.lang.Class.getMethod(Class.java:2393)
	at org.apache.maven.surefire.api.util.ReflectionUtils.tryGetMethod(ReflectionUtils.java:60)
	at org.apache.maven.surefire.common.junit3.JUnit3TestChecker.isSuiteOnly(JUnit3TestChecker.java:66)
	at org.apache.maven.surefire.common.junit3.JUnit3TestChecker.isValidJUnit3Test(JUnit3TestChecker.java:61)
	at org.apache.maven.surefire.common.junit3.JUnit3TestChecker.accept(JUnit3TestChecker.java:56)
	at org.apache.maven.surefire.common.junit4.JUnit4TestChecker.accept(JUnit4TestChecker.java:53)
	at org.apache.maven.surefire.api.util.DefaultScanResult.applyFilter(DefaultScanResult.java:102)
	at org.apache.maven.surefire.junit4.JUnit4Provider.scanClassPath(JUnit4Provider.java:321)
	at org.apache.maven.surefire.junit4.JUnit4Provider.setTestsToRun(JUnit4Provider.java:197)
	at org.apache.maven.surefire.junit4.JUnit4Provider.invoke(JUnit4Provider.java:140)
	at org.apache.maven.surefire.booter.ForkedBooter.runSuitesInProcess(ForkedBooter.java:456)
	at org.apache.maven.surefire.booter.ForkedBooter.execute(ForkedBooter.java:169)
	at org.apache.maven.surefire.booter.ForkedBooter.run(ForkedBooter.java:595)
	at org.apache.maven.surefire.booter.ForkedBooter.main(ForkedBooter.java:581)
Caused by: java.io.IOException: Error while instrumenting com/ucp/tetris/IRotar.
	at org.jacoco.agent.rt.internal_43f5073.core.instr.Instrumenter.instrumentError(Instrumenter.java:159)
	at org.jacoco.agent.rt.internal_43f5073.core.instr.Instrumenter.instrument(Instrumenter.java:109)
	at org.jacoco.agent.rt.internal_43f5073.CoverageTransformer.transform(CoverageTransformer.java:92)
	... 39 more
Caused by: java.lang.IllegalArgumentException: Unsupported class file major version 65
	at org.jacoco.agent.rt.internal_43f5073.asm.ClassReader.<init>(ClassReader.java:195)
	at org.jacoco.agent.rt.internal_43f5073.asm.ClassReader.<init>(ClassReader.java:176)
	at org.jacoco.agent.rt.internal_43f5073.asm.ClassReader.<init>(ClassReader.java:162)
	at org.jacoco.agent.rt.internal_43f5073.core.internal.instr.InstrSupport.classReaderFor(InstrSupport.java:280)
	at org.jacoco.agent.rt.internal_43f5073.core.instr.Instrumenter.instrument(Instrumenter.java:75)
	at org.jacoco.agent.rt.internal_43f5073.core.instr.Instrumenter.instrument(Instrumenter.java:107)
	... 40 more
java.lang.instrument.IllegalClassFormatException: Error while instrumenting com/ucp/tetris/Piece/Ele.
	at org.jacoco.agent.rt.internal_43f5073.CoverageTransformer.transform(CoverageTransformer.java:94)
	at java.instrument/java.lang.instrument.ClassFileTransformer.transform(ClassFileTransformer.java:244)
	at java.instrument/sun.instrument.TransformerManager.transform(TransformerManager.java:188)
	at java.instrument/sun.instrument.InstrumentationImpl.transform(InstrumentationImpl.java:610)
	at java.base/java.lang.ClassLoader.defineClass1(Native Method)
	at java.base/java.lang.ClassLoader.defineClass(ClassLoader.java:1027)
	at java.base/java.security.SecureClassLoader.defineClass(SecureClassLoader.java:150)
	at java.base/jdk.internal.loader.BuiltinClassLoader.defineClass(BuiltinClassLoader.java:862)
	at java.base/jdk.internal.loader.BuiltinClassLoader.findClassOnClassPathOrNull(BuiltinClassLoader.java:760)
	at java.base/jdk.internal.loader.BuiltinClassLoader.loadClassOrNull(BuiltinClassLoader.java:681)
	at java.base/jdk.internal.loader.BuiltinClassLoader.loadClass(BuiltinClassLoader.java:639)
	at java.base/jdk.internal.loader.ClassLoaders$AppClassLoader.loadClass(ClassLoaders.java:188)
	at java.base/java.lang.ClassLoader.loadClass(ClassLoader.java:526)
	at java.base/java.lang.Class.getDeclaredMethods0(Native Method)
	at java.base/java.lang.Class.privateGetDeclaredMethods(Class.java:3578)
	at java.base/java.lang.Class.getMethodsRecursive(Class.java:3719)
	at java.base/java.lang.Class.getMethod0(Class.java:3705)
	at java.base/java.lang.Class.getMethod(Class.java:2393)
	at org.apache.maven.surefire.api.util.ReflectionUtils.tryGetMethod(ReflectionUtils.java:60)
	at org.apache.maven.surefire.common.junit3.JUnit3TestChecker.isSuiteOnly(JUnit3TestChecker.java:66)
	at org.apache.maven.surefire.common.junit3.JUnit3TestChecker.isValidJUnit3Test(JUnit3TestChecker.java:61)
	at org.apache.maven.surefire.common.junit3.JUnit3TestChecker.accept(JUnit3TestChecker.java:56)
	at org.apache.maven.surefire.common.junit4.JUnit4TestChecker.accept(JUnit4TestChecker.java:53)
	at org.apache.maven.surefire.api.util.DefaultScanResult.applyFilter(DefaultScanResult.java:102)
	at org.apache.maven.surefire.junit4.JUnit4Provider.scanClassPath(JUnit4Provider.java:321)
	at org.apache.maven.surefire.junit4.JUnit4Provider.setTestsToRun(JUnit4Provider.java:197)
	at org.apache.maven.surefire.junit4.JUnit4Provider.invoke(JUnit4Provider.java:140)
	at org.apache.maven.surefire.booter.ForkedBooter.runSuitesInProcess(ForkedBooter.java:456)
	at org.apache.maven.surefire.booter.ForkedBooter.execute(ForkedBooter.java:169)
	at org.apache.maven.surefire.booter.ForkedBooter.run(ForkedBooter.java:595)
	at org.apache.maven.surefire.booter.ForkedBooter.main(ForkedBooter.java:581)
Caused by: java.io.IOException: Error while instrumenting com/ucp/tetris/Piece/Ele.
	at org.jacoco.agent.rt.internal_43f5073.core.instr.Instrumenter.instrumentError(Instrumenter.java:159)
	at org.jacoco.agent.rt.internal_43f5073.core.instr.Instrumenter.instrument(Instrumenter.java:109)
	at org.jacoco.agent.rt.internal_43f5073.CoverageTransformer.transform(CoverageTransformer.java:92)
	... 30 more
Caused by: java.lang.IllegalArgumentException: Unsupported class file major version 65
	at org.jacoco.agent.rt.internal_43f5073.asm.ClassReader.<init>(ClassReader.java:195)
	at org.jacoco.agent.rt.internal_43f5073.asm.ClassReader.<init>(ClassReader.java:176)
	at org.jacoco.agent.rt.internal_43f5073.asm.ClassReader.<init>(ClassReader.java:162)
	at org.jacoco.agent.rt.internal_43f5073.core.internal.instr.InstrSupport.classReaderFor(InstrSupport.java:280)
	at org.jacoco.agent.rt.internal_43f5073.core.instr.Instrumenter.instrument(Instrumenter.java:75)
	at org.jacoco.agent.rt.internal_43f5073.core.instr.Instrumenter.instrument(Instrumenter.java:107)
	... 31 more
java.lang.instrument.IllegalClassFormatException: Error while instrumenting com/ucp/tetris/Piece/Square.
	at org.jacoco.agent.rt.internal_43f5073.CoverageTransformer.transform(CoverageTransformer.java:94)
	at java.instrument/java.lang.instrument.ClassFileTransformer.transform(ClassFileTransformer.java:244)
	at java.instrument/sun.instrument.TransformerManager.transform(TransformerManager.java:188)
	at java.instrument/sun.instrument.InstrumentationImpl.transform(InstrumentationImpl.java:610)
	at java.base/java.lang.ClassLoader.defineClass1(Native Method)
	at java.base/java.lang.ClassLoader.defineClass(ClassLoader.java:1027)
	at java.base/java.security.SecureClassLoader.defineClass(SecureClassLoader.java:150)
	at java.base/jdk.internal.loader.BuiltinClassLoader.defineClass(BuiltinClassLoader.java:862)
	at java.base/jdk.internal.loader.BuiltinClassLoader.findClassOnClassPathOrNull(BuiltinClassLoader.java:760)
	at java.base/jdk.internal.loader.BuiltinClassLoader.loadClassOrNull(BuiltinClassLoader.java:681)
	at java.base/jdk.internal.loader.BuiltinClassLoader.loadClass(BuiltinClassLoader.java:639)
	at java.base/jdk.internal.loader.ClassLoaders$AppClassLoader.loadClass(ClassLoaders.java:188)
	at java.base/java.lang.ClassLoader.loadClass(ClassLoader.java:526)
	at java.base/java.lang.Class.getDeclaredMethods0(Native Method)
	at java.base/java.lang.Class.privateGetDeclaredMethods(Class.java:3578)
	at java.base/java.lang.Class.getMethodsRecursive(Class.java:3719)
	at java.base/java.lang.Class.getMethod0(Class.java:3705)
	at java.base/java.lang.Class.getMethod(Class.java:2393)
	at org.apache.maven.surefire.api.util.ReflectionUtils.tryGetMethod(ReflectionUtils.java:60)
	at org.apache.maven.surefire.common.junit3.JUnit3TestChecker.isSuiteOnly(JUnit3TestChecker.java:66)
	at org.apache.maven.surefire.common.junit3.JUnit3TestChecker.isValidJUnit3Test(JUnit3TestChecker.java:61)
	at org.apache.maven.surefire.common.junit3.JUnit3TestChecker.accept(JUnit3TestChecker.java:56)
	at org.apache.maven.surefire.common.junit4.JUnit4TestChecker.accept(JUnit4TestChecker.java:53)
	at org.apache.maven.surefire.api.util.DefaultScanResult.applyFilter(DefaultScanResult.java:102)
	at org.apache.maven.surefire.junit4.JUnit4Provider.scanClassPath(JUnit4Provider.java:321)
	at org.apache.maven.surefire.junit4.JUnit4Provider.setTestsToRun(JUnit4Provider.java:197)
	at org.apache.maven.surefire.junit4.JUnit4Provider.invoke(JUnit4Provider.java:140)
	at org.apache.maven.surefire.booter.ForkedBooter.runSuitesInProcess(ForkedBooter.java:456)
	at org.apache.maven.surefire.booter.ForkedBooter.execute(ForkedBooter.java:169)
	at org.apache.maven.surefire.booter.ForkedBooter.run(ForkedBooter.java:595)
	at org.apache.maven.surefire.booter.ForkedBooter.main(ForkedBooter.java:581)
Caused by: java.io.IOException: Error while instrumenting com/ucp/tetris/Piece/Square.
	at org.jacoco.agent.rt.internal_43f5073.core.instr.Instrumenter.instrumentError(Instrumenter.java:159)
	at org.jacoco.agent.rt.internal_43f5073.core.instr.Instrumenter.instrument(Instrumenter.java:109)
	at org.jacoco.agent.rt.internal_43f5073.CoverageTransformer.transform(CoverageTransformer.java:92)
	... 30 more
Caused by: java.lang.IllegalArgumentException: Unsupported class file major version 65
	at org.jacoco.agent.rt.internal_43f5073.asm.ClassReader.<init>(ClassReader.java:195)
	at org.jacoco.agent.rt.internal_43f5073.asm.ClassReader.<init>(ClassReader.java:176)
	at org.jacoco.agent.rt.internal_43f5073.asm.ClassReader.<init>(ClassReader.java:162)
	at org.jacoco.agent.rt.internal_43f5073.core.internal.instr.InstrSupport.classReaderFor(InstrSupport.java:280)
	at org.jacoco.agent.rt.internal_43f5073.core.instr.Instrumenter.instrument(Instrumenter.java:75)
	at org.jacoco.agent.rt.internal_43f5073.core.instr.Instrumenter.instrument(Instrumenter.java:107)
	... 31 more
java.lang.instrument.IllegalClassFormatException: Error while instrumenting com/ucp/tetris/Piece/Stick.
	at org.jacoco.agent.rt.internal_43f5073.CoverageTransformer.transform(CoverageTransformer.java:94)
	at java.instrument/java.lang.instrument.ClassFileTransformer.transform(ClassFileTransformer.java:244)
	at java.instrument/sun.instrument.TransformerManager.transform(TransformerManager.java:188)
	at java.instrument/sun.instrument.InstrumentationImpl.transform(InstrumentationImpl.java:610)
	at java.base/java.lang.ClassLoader.defineClass1(Native Method)
	at java.base/java.lang.ClassLoader.defineClass(ClassLoader.java:1027)
	at java.base/java.security.SecureClassLoader.defineClass(SecureClassLoader.java:150)
	at java.base/jdk.internal.loader.BuiltinClassLoader.defineClass(BuiltinClassLoader.java:862)
	at java.base/jdk.internal.loader.BuiltinClassLoader.findClassOnClassPathOrNull(BuiltinClassLoader.java:760)
	at java.base/jdk.internal.loader.BuiltinClassLoader.loadClassOrNull(BuiltinClassLoader.java:681)
	at java.base/jdk.internal.loader.BuiltinClassLoader.loadClass(BuiltinClassLoader.java:639)
	at java.base/jdk.internal.loader.ClassLoaders$AppClassLoader.loadClass(ClassLoaders.java:188)
	at java.base/java.lang.ClassLoader.loadClass(ClassLoader.java:526)
	at java.base/java.lang.Class.getDeclaredMethods0(Native Method)
	at java.base/java.lang.Class.privateGetDeclaredMethods(Class.java:3578)
	at java.base/java.lang.Class.getMethodsRecursive(Class.java:3719)
	at java.base/java.lang.Class.getMethod0(Class.java:3705)
	at java.base/java.lang.Class.getMethod(Class.java:2393)
	at org.apache.maven.surefire.api.util.ReflectionUtils.tryGetMethod(ReflectionUtils.java:60)
	at org.apache.maven.surefire.common.junit3.JUnit3TestChecker.isSuiteOnly(JUnit3TestChecker.java:66)
	at org.apache.maven.surefire.common.junit3.JUnit3TestChecker.isValidJUnit3Test(JUnit3TestChecker.java:61)
	at org.apache.maven.surefire.common.junit3.JUnit3TestChecker.accept(JUnit3TestChecker.java:56)
	at org.apache.maven.surefire.common.junit4.JUnit4TestChecker.accept(JUnit4TestChecker.java:53)
	at org.apache.maven.surefire.api.util.DefaultScanResult.applyFilter(DefaultScanResult.java:102)
	at org.apache.maven.surefire.junit4.JUnit4Provider.scanClassPath(JUnit4Provider.java:321)
	at org.apache.maven.surefire.junit4.JUnit4Provider.setTestsToRun(JUnit4Provider.java:197)
	at org.apache.maven.surefire.junit4.JUnit4Provider.invoke(JUnit4Provider.java:140)
	at org.apache.maven.surefire.booter.ForkedBooter.runSuitesInProcess(ForkedBooter.java:456)
	at org.apache.maven.surefire.booter.ForkedBooter.execute(ForkedBooter.java:169)
	at org.apache.maven.surefire.booter.ForkedBooter.run(ForkedBooter.java:595)
	at org.apache.maven.surefire.booter.ForkedBooter.main(ForkedBooter.java:581)
Caused by: java.io.IOException: Error while instrumenting com/ucp/tetris/Piece/Stick.
	at org.jacoco.agent.rt.internal_43f5073.core.instr.Instrumenter.instrumentError(Instrumenter.java:159)
	at org.jacoco.agent.rt.internal_43f5073.core.instr.Instrumenter.instrument(Instrumenter.java:109)
	at org.jacoco.agent.rt.internal_43f5073.CoverageTransformer.transform(CoverageTransformer.java:92)
	... 30 more
Caused by: java.lang.IllegalArgumentException: Unsupported class file major version 65
	at org.jacoco.agent.rt.internal_43f5073.asm.ClassReader.<init>(ClassReader.java:195)
	at org.jacoco.agent.rt.internal_43f5073.asm.ClassReader.<init>(ClassReader.java:176)
	at org.jacoco.agent.rt.internal_43f5073.asm.ClassReader.<init>(ClassReader.java:162)
	at org.jacoco.agent.rt.internal_43f5073.core.internal.instr.InstrSupport.classReaderFor(InstrSupport.java:280)
	at org.jacoco.agent.rt.internal_43f5073.core.instr.Instrumenter.instrument(Instrumenter.java:75)
	at org.jacoco.agent.rt.internal_43f5073.core.instr.Instrumenter.instrument(Instrumenter.java:107)
	... 31 more
java.lang.instrument.IllegalClassFormatException: Error while instrumenting com/ucp/tetris/Piece/Te.
	at org.jacoco.agent.rt.internal_43f5073.CoverageTransformer.transform(CoverageTransformer.java:94)
	at java.instrument/java.lang.instrument.ClassFileTransformer.transform(ClassFileTransformer.java:244)
	at java.instrument/sun.instrument.TransformerManager.transform(TransformerManager.java:188)
	at java.instrument/sun.instrument.InstrumentationImpl.transform(InstrumentationImpl.java:610)
	at java.base/java.lang.ClassLoader.defineClass1(Native Method)
	at java.base/java.lang.ClassLoader.defineClass(ClassLoader.java:1027)
	at java.base/java.security.SecureClassLoader.defineClass(SecureClassLoader.java:150)
	at java.base/jdk.internal.loader.BuiltinClassLoader.defineClass(BuiltinClassLoader.java:862)
	at java.base/jdk.internal.loader.BuiltinClassLoader.findClassOnClassPathOrNull(BuiltinClassLoader.java:760)
	at java.base/jdk.internal.loader.BuiltinClassLoader.loadClassOrNull(BuiltinClassLoader.java:681)
	at java.base/jdk.internal.loader.BuiltinClassLoader.loadClass(BuiltinClassLoader.java:639)
	at java.base/jdk.internal.loader.ClassLoaders$AppClassLoader.loadClass(ClassLoaders.java:188)
	at java.base/java.lang.ClassLoader.loadClass(ClassLoader.java:526)
	at java.base/java.lang.Class.getDeclaredMethods0(Native Method)
	at java.base/java.lang.Class.privateGetDeclaredMethods(Class.java:3578)
	at java.base/java.lang.Class.getMethodsRecursive(Class.java:3719)
	at java.base/java.lang.Class.getMethod0(Class.java:3705)
	at java.base/java.lang.Class.getMethod(Class.java:2393)
	at org.apache.maven.surefire.api.util.ReflectionUtils.tryGetMethod(ReflectionUtils.java:60)
	at org.apache.maven.surefire.common.junit3.JUnit3TestChecker.isSuiteOnly(JUnit3TestChecker.java:66)
	at org.apache.maven.surefire.common.junit3.JUnit3TestChecker.isValidJUnit3Test(JUnit3TestChecker.java:61)
	at org.apache.maven.surefire.common.junit3.JUnit3TestChecker.accept(JUnit3TestChecker.java:56)
	at org.apache.maven.surefire.common.junit4.JUnit4TestChecker.accept(JUnit4TestChecker.java:53)
	at org.apache.maven.surefire.api.util.DefaultScanResult.applyFilter(DefaultScanResult.java:102)
	at org.apache.maven.surefire.junit4.JUnit4Provider.scanClassPath(JUnit4Provider.java:321)
	at org.apache.maven.surefire.junit4.JUnit4Provider.setTestsToRun(JUnit4Provider.java:197)
	at org.apache.maven.surefire.junit4.JUnit4Provider.invoke(JUnit4Provider.java:140)
	at org.apache.maven.surefire.booter.ForkedBooter.runSuitesInProcess(ForkedBooter.java:456)
	at org.apache.maven.surefire.booter.ForkedBooter.execute(ForkedBooter.java:169)
	at org.apache.maven.surefire.booter.ForkedBooter.run(ForkedBooter.java:595)
	at org.apache.maven.surefire.booter.ForkedBooter.main(ForkedBooter.java:581)
Caused by: java.io.IOException: Error while instrumenting com/ucp/tetris/Piece/Te.
	at org.jacoco.agent.rt.internal_43f5073.core.instr.Instrumenter.instrumentError(Instrumenter.java:159)
	at org.jacoco.agent.rt.internal_43f5073.core.instr.Instrumenter.instrument(Instrumenter.java:109)
	at org.jacoco.agent.rt.internal_43f5073.CoverageTransformer.transform(CoverageTransformer.java:92)
	... 30 more
Caused by: java.lang.IllegalArgumentException: Unsupported class file major version 65
	at org.jacoco.agent.rt.internal_43f5073.asm.ClassReader.<init>(ClassReader.java:195)
	at org.jacoco.agent.rt.internal_43f5073.asm.ClassReader.<init>(ClassReader.java:176)
	at org.jacoco.agent.rt.internal_43f5073.asm.ClassReader.<init>(ClassReader.java:162)
	at org.jacoco.agent.rt.internal_43f5073.core.internal.instr.InstrSupport.classReaderFor(InstrSupport.java:280)
	at org.jacoco.agent.rt.internal_43f5073.core.instr.Instrumenter.instrument(Instrumenter.java:75)
	at org.jacoco.agent.rt.internal_43f5073.core.instr.Instrumenter.instrument(Instrumenter.java:107)
	... 31 more
java.lang.instrument.IllegalClassFormatException: Error while instrumenting com/ucp/tetris/Piece/DogLeft.
	at org.jacoco.agent.rt.internal_43f5073.CoverageTransformer.transform(CoverageTransformer.java:94)
	at java.instrument/java.lang.instrument.ClassFileTransformer.transform(ClassFileTransformer.java:244)
	at java.instrument/sun.instrument.TransformerManager.transform(TransformerManager.java:188)
	at java.instrument/sun.instrument.InstrumentationImpl.transform(InstrumentationImpl.java:610)
	at java.base/java.lang.ClassLoader.defineClass1(Native Method)
	at java.base/java.lang.ClassLoader.defineClass(ClassLoader.java:1027)
	at java.base/java.security.SecureClassLoader.defineClass(SecureClassLoader.java:150)
	at java.base/jdk.internal.loader.BuiltinClassLoader.defineClass(BuiltinClassLoader.java:862)
	at java.base/jdk.internal.loader.BuiltinClassLoader.findClassOnClassPathOrNull(BuiltinClassLoader.java:760)
	at java.base/jdk.internal.loader.BuiltinClassLoader.loadClassOrNull(BuiltinClassLoader.java:681)
	at java.base/jdk.internal.loader.BuiltinClassLoader.loadClass(BuiltinClassLoader.java:639)
	at java.base/jdk.internal.loader.ClassLoaders$AppClassLoader.loadClass(ClassLoaders.java:188)
	at java.base/java.lang.ClassLoader.loadClass(ClassLoader.java:526)
	at java.base/java.lang.Class.getDeclaredMethods0(Native Method)
	at java.base/java.lang.Class.privateGetDeclaredMethods(Class.java:3578)
	at java.base/java.lang.Class.getMethodsRecursive(Class.java:3719)
	at java.base/java.lang.Class.getMethod0(Class.java:3705)
	at java.base/java.lang.Class.getMethod(Class.java:2393)
	at org.apache.maven.surefire.api.util.ReflectionUtils.tryGetMethod(ReflectionUtils.java:60)
	at org.apache.maven.surefire.common.junit3.JUnit3TestChecker.isSuiteOnly(JUnit3TestChecker.java:66)
	at org.apache.maven.surefire.common.junit3.JUnit3TestChecker.isValidJUnit3Test(JUnit3TestChecker.java:61)
	at org.apache.maven.surefire.common.junit3.JUnit3TestChecker.accept(JUnit3TestChecker.java:56)
	at org.apache.maven.surefire.common.junit4.JUnit4TestChecker.accept(JUnit4TestChecker.java:53)
	at org.apache.maven.surefire.api.util.DefaultScanResult.applyFilter(DefaultScanResult.java:102)
	at org.apache.maven.surefire.junit4.JUnit4Provider.scanClassPath(JUnit4Provider.java:321)
	at org.apache.maven.surefire.junit4.JUnit4Provider.setTestsToRun(JUnit4Provider.java:197)
	at org.apache.maven.surefire.junit4.JUnit4Provider.invoke(JUnit4Provider.java:140)
	at org.apache.maven.surefire.booter.ForkedBooter.runSuitesInProcess(ForkedBooter.java:456)
	at org.apache.maven.surefire.booter.ForkedBooter.execute(ForkedBooter.java:169)
	at org.apache.maven.surefire.booter.ForkedBooter.run(ForkedBooter.java:595)
	at org.apache.maven.surefire.booter.ForkedBooter.main(ForkedBooter.java:581)
Caused by: java.io.IOException: Error while instrumenting com/ucp/tetris/Piece/DogLeft.
	at org.jacoco.agent.rt.internal_43f5073.core.instr.Instrumenter.instrumentError(Instrumenter.java:159)
	at org.jacoco.agent.rt.internal_43f5073.core.instr.Instrumenter.instrument(Instrumenter.java:109)
	at org.jacoco.agent.rt.internal_43f5073.CoverageTransformer.transform(CoverageTransformer.java:92)
	... 30 more
Caused by: java.lang.IllegalArgumentException: Unsupported class file major version 65
	at org.jacoco.agent.rt.internal_43f5073.asm.ClassReader.<init>(ClassReader.java:195)
	at org.jacoco.agent.rt.internal_43f5073.asm.ClassReader.<init>(ClassReader.java:176)
	at org.jacoco.agent.rt.internal_43f5073.asm.ClassReader.<init>(ClassReader.java:162)
	at org.jacoco.agent.rt.internal_43f5073.core.internal.instr.InstrSupport.classReaderFor(InstrSupport.java:280)
	at org.jacoco.agent.rt.internal_43f5073.core.instr.Instrumenter.instrument(Instrumenter.java:75)
	at org.jacoco.agent.rt.internal_43f5073.core.instr.Instrumenter.instrument(Instrumenter.java:107)
	... 31 more
java.lang.instrument.IllegalClassFormatException: Error while instrumenting com/ucp/tetris/Piece/GameTest.
	at org.jacoco.agent.rt.internal_43f5073.CoverageTransformer.transform(CoverageTransformer.java:94)
	at java.instrument/java.lang.instrument.ClassFileTransformer.transform(ClassFileTransformer.java:244)
	at java.instrument/sun.instrument.TransformerManager.transform(TransformerManager.java:188)
	at java.instrument/sun.instrument.InstrumentationImpl.transform(InstrumentationImpl.java:610)
	at java.base/java.lang.ClassLoader.defineClass1(Native Method)
	at java.base/java.lang.ClassLoader.defineClass(ClassLoader.java:1027)
	at java.base/java.security.SecureClassLoader.defineClass(SecureClassLoader.java:150)
	at java.base/jdk.internal.loader.BuiltinClassLoader.defineClass(BuiltinClassLoader.java:862)
	at java.base/jdk.internal.loader.BuiltinClassLoader.findClassOnClassPathOrNull(BuiltinClassLoader.java:760)
	at java.base/jdk.internal.loader.BuiltinClassLoader.loadClassOrNull(BuiltinClassLoader.java:681)
	at java.base/jdk.internal.loader.BuiltinClassLoader.loadClass(BuiltinClassLoader.java:639)
	at java.base/jdk.internal.loader.ClassLoaders$AppClassLoader.loadClass(ClassLoaders.java:188)
	at java.base/java.lang.ClassLoader.loadClass(ClassLoader.java:526)
	at org.apache.maven.surefire.api.util.DefaultScanResult.loadClass(DefaultScanResult.java:136)
	at org.apache.maven.surefire.api.util.DefaultScanResult.applyFilter(DefaultScanResult.java:100)
	at org.apache.maven.surefire.junit4.JUnit4Provider.scanClassPath(JUnit4Provider.java:321)
	at org.apache.maven.surefire.junit4.JUnit4Provider.setTestsToRun(JUnit4Provider.java:197)
	at org.apache.maven.surefire.junit4.JUnit4Provider.invoke(JUnit4Provider.java:140)
	at org.apache.maven.surefire.booter.ForkedBooter.runSuitesInProcess(ForkedBooter.java:456)
	at org.apache.maven.surefire.booter.ForkedBooter.execute(ForkedBooter.java:169)
	at org.apache.maven.surefire.booter.ForkedBooter.run(ForkedBooter.java:595)
	at org.apache.maven.surefire.booter.ForkedBooter.main(ForkedBooter.java:581)
Caused by: java.io.IOException: Error while instrumenting com/ucp/tetris/Piece/GameTest.
	at org.jacoco.agent.rt.internal_43f5073.core.instr.Instrumenter.instrumentError(Instrumenter.java:159)
	at org.jacoco.agent.rt.internal_43f5073.core.instr.Instrumenter.instrument(Instrumenter.java:109)
	at org.jacoco.agent.rt.internal_43f5073.CoverageTransformer.transform(CoverageTransformer.java:92)
	... 21 more
Caused by: java.lang.IllegalArgumentException: Unsupported class file major version 65
	at org.jacoco.agent.rt.internal_43f5073.asm.ClassReader.<init>(ClassReader.java:195)
	at org.jacoco.agent.rt.internal_43f5073.asm.ClassReader.<init>(ClassReader.java:176)
	at org.jacoco.agent.rt.internal_43f5073.asm.ClassReader.<init>(ClassReader.java:162)
	at org.jacoco.agent.rt.internal_43f5073.core.internal.instr.InstrSupport.classReaderFor(InstrSupport.java:280)
	at org.jacoco.agent.rt.internal_43f5073.core.instr.Instrumenter.instrument(Instrumenter.java:75)
	at org.jacoco.agent.rt.internal_43f5073.core.instr.Instrumenter.instrument(Instrumenter.java:107)
	... 22 more
java.lang.instrument.IllegalClassFormatException: Error while instrumenting com/ucp/tetris/Piece/DogTest.
	at org.jacoco.agent.rt.internal_43f5073.CoverageTransformer.transform(CoverageTransformer.java:94)
	at java.instrument/java.lang.instrument.ClassFileTransformer.transform(ClassFileTransformer.java:244)
	at java.instrument/sun.instrument.TransformerManager.transform(TransformerManager.java:188)
	at java.instrument/sun.instrument.InstrumentationImpl.transform(InstrumentationImpl.java:610)
	at java.base/java.lang.ClassLoader.defineClass1(Native Method)
	at java.base/java.lang.ClassLoader.defineClass(ClassLoader.java:1027)
	at java.base/java.security.SecureClassLoader.defineClass(SecureClassLoader.java:150)
	at java.base/jdk.internal.loader.BuiltinClassLoader.defineClass(BuiltinClassLoader.java:862)
	at java.base/jdk.internal.loader.BuiltinClassLoader.findClassOnClassPathOrNull(BuiltinClassLoader.java:760)
	at java.base/jdk.internal.loader.BuiltinClassLoader.loadClassOrNull(BuiltinClassLoader.java:681)
	at java.base/jdk.internal.loader.BuiltinClassLoader.loadClass(BuiltinClassLoader.java:639)
	at java.base/jdk.internal.loader.ClassLoaders$AppClassLoader.loadClass(ClassLoaders.java:188)
	at java.base/java.lang.ClassLoader.loadClass(ClassLoader.java:526)
	at org.apache.maven.surefire.api.util.DefaultScanResult.loadClass(DefaultScanResult.java:136)
	at org.apache.maven.surefire.api.util.DefaultScanResult.applyFilter(DefaultScanResult.java:100)
	at org.apache.maven.surefire.junit4.JUnit4Provider.scanClassPath(JUnit4Provider.java:321)
	at org.apache.maven.surefire.junit4.JUnit4Provider.setTestsToRun(JUnit4Provider.java:197)
	at org.apache.maven.surefire.junit4.JUnit4Provider.invoke(JUnit4Provider.java:140)
	at org.apache.maven.surefire.booter.ForkedBooter.runSuitesInProcess(ForkedBooter.java:456)
	at org.apache.maven.surefire.booter.ForkedBooter.execute(ForkedBooter.java:169)
	at org.apache.maven.surefire.booter.ForkedBooter.run(ForkedBooter.java:595)
	at org.apache.maven.surefire.booter.ForkedBooter.main(ForkedBooter.java:581)
Caused by: java.io.IOException: Error while instrumenting com/ucp/tetris/Piece/DogTest.
	at org.jacoco.agent.rt.internal_43f5073.core.instr.Instrumenter.instrumentError(Instrumenter.java:159)
	at org.jacoco.agent.rt.internal_43f5073.core.instr.Instrumenter.instrument(Instrumenter.java:109)
	at org.jacoco.agent.rt.internal_43f5073.CoverageTransformer.transform(CoverageTransformer.java:92)
	... 21 more
Caused by: java.lang.IllegalArgumentException: Unsupported class file major version 65
	at org.jacoco.agent.rt.internal_43f5073.asm.ClassReader.<init>(ClassReader.java:195)
	at org.jacoco.agent.rt.internal_43f5073.asm.ClassReader.<init>(ClassReader.java:176)
	at org.jacoco.agent.rt.internal_43f5073.asm.ClassReader.<init>(ClassReader.java:162)
	at org.jacoco.agent.rt.internal_43f5073.core.internal.instr.InstrSupport.classReaderFor(InstrSupport.java:280)
	at org.jacoco.agent.rt.internal_43f5073.core.instr.Instrumenter.instrument(Instrumenter.java:75)
	at org.jacoco.agent.rt.internal_43f5073.core.instr.Instrumenter.instrument(Instrumenter.java:107)
	... 22 more
java.lang.instrument.IllegalClassFormatException: Error while instrumenting com/ucp/tetris/Piece/EleTest.
	at org.jacoco.agent.rt.internal_43f5073.CoverageTransformer.transform(CoverageTransformer.java:94)
	at java.instrument/java.lang.instrument.ClassFileTransformer.transform(ClassFileTransformer.java:244)
	at java.instrument/sun.instrument.TransformerManager.transform(TransformerManager.java:188)
	at java.instrument/sun.instrument.InstrumentationImpl.transform(InstrumentationImpl.java:610)
	at java.base/java.lang.ClassLoader.defineClass1(Native Method)
	at java.base/java.lang.ClassLoader.defineClass(ClassLoader.java:1027)
	at java.base/java.security.SecureClassLoader.defineClass(SecureClassLoader.java:150)
	at java.base/jdk.internal.loader.BuiltinClassLoader.defineClass(BuiltinClassLoader.java:862)
	at java.base/jdk.internal.loader.BuiltinClassLoader.findClassOnClassPathOrNull(BuiltinClassLoader.java:760)
	at java.base/jdk.internal.loader.BuiltinClassLoader.loadClassOrNull(BuiltinClassLoader.java:681)
	at java.base/jdk.internal.loader.BuiltinClassLoader.loadClass(BuiltinClassLoader.java:639)
	at java.base/jdk.internal.loader.ClassLoaders$AppClassLoader.loadClass(ClassLoaders.java:188)
	at java.base/java.lang.ClassLoader.loadClass(ClassLoader.java:526)
	at org.apache.maven.surefire.api.util.DefaultScanResult.loadClass(DefaultScanResult.java:136)
	at org.apache.maven.surefire.api.util.DefaultScanResult.applyFilter(DefaultScanResult.java:100)
	at org.apache.maven.surefire.junit4.JUnit4Provider.scanClassPath(JUnit4Provider.java:321)
	at org.apache.maven.surefire.junit4.JUnit4Provider.setTestsToRun(JUnit4Provider.java:197)
	at org.apache.maven.surefire.junit4.JUnit4Provider.invoke(JUnit4Provider.java:140)
	at org.apache.maven.surefire.booter.ForkedBooter.runSuitesInProcess(ForkedBooter.java:456)
	at org.apache.maven.surefire.booter.ForkedBooter.execute(ForkedBooter.java:169)
	at org.apache.maven.surefire.booter.ForkedBooter.run(ForkedBooter.java:595)
	at org.apache.maven.surefire.booter.ForkedBooter.main(ForkedBooter.java:581)
Caused by: java.io.IOException: Error while instrumenting com/ucp/tetris/Piece/EleTest.
	at org.jacoco.agent.rt.internal_43f5073.core.instr.Instrumenter.instrumentError(Instrumenter.java:159)
	at org.jacoco.agent.rt.internal_43f5073.core.instr.Instrumenter.instrument(Instrumenter.java:109)
	at org.jacoco.agent.rt.internal_43f5073.CoverageTransformer.transform(CoverageTransformer.java:92)
	... 21 more
Caused by: java.lang.IllegalArgumentException: Unsupported class file major version 65
	at org.jacoco.agent.rt.internal_43f5073.asm.ClassReader.<init>(ClassReader.java:195)
	at org.jacoco.agent.rt.internal_43f5073.asm.ClassReader.<init>(ClassReader.java:176)
	at org.jacoco.agent.rt.internal_43f5073.asm.ClassReader.<init>(ClassReader.java:162)
	at org.jacoco.agent.rt.internal_43f5073.core.internal.instr.InstrSupport.classReaderFor(InstrSupport.java:280)
	at org.jacoco.agent.rt.internal_43f5073.core.instr.Instrumenter.instrument(Instrumenter.java:75)
	at org.jacoco.agent.rt.internal_43f5073.core.instr.Instrumenter.instrument(Instrumenter.java:107)
	... 22 more
]]></system-err>
  </testcase>
</testsuite>